Title: generated by Automag                                                            
Lattice type (bulk or surface): BULK
  5.100   0.000   2.550
  0.000  19.278  -1.349
  0.000   0.000   4.206
Number of labels:  7
Number of d-vectors:  40
  5.1000   6.4682   2.0751 0/
  5.1000  16.1070   2.0751 0/
  2.5500   1.6488   2.0751 0/
  2.5500  11.2876   2.0751 0/
  5.1000   0.6596   3.3039 1/
  5.1000  10.2984   3.3039 1/
  2.5500   5.4790   3.3039 1/
  2.5500  15.1177   3.3039 1/
  5.1000   3.3039   4.1523 2/3/
  5.1000  12.9427   4.1523 2/3/
  2.5500   8.1233   4.1523 2/3/
  2.5500  17.7621   4.1523 2/3/
  5.1000   3.8212   1.2259 4/
  5.1000  13.4600   1.2259 4/
  2.5500   8.6406   1.2259 4/
  2.5500  18.2794   1.2259 4/
  5.8642   4.6141   2.8405 5/
  5.8642  14.2529   2.8405 5/
  3.3142  -0.2052   2.8405 5/
  3.3142   9.4335   2.8405 5/
  0.7395   5.4098   0.3604 5/
  0.7395  15.0485   0.3604 5/
  3.2895   0.5904   0.3604 5/
  3.2895  10.2292   0.3604 5/
  3.5963   5.0054   1.6208 5/
  3.5963  14.6442   1.6208 5/
  1.0463   0.1860   1.6208 5/
  1.0463   9.8248   1.6208 5/
  4.1506   6.7881   3.8397 6/
  4.1506  16.4268   3.8397 6/
  6.7006   1.9687   3.8397 6/
  6.7006  11.6075   3.8397 6/
  1.8452   7.2621   2.3623 6/
  1.8452  16.9008   2.3623 6/
  4.3952   2.4427   2.3623 6/
  4.3952  12.0814   2.3623 6/
  4.2042   7.7644   0.7965 6/
  4.2042  17.4031   0.7965 6/
  1.6542   2.9450   0.7965 6/
  1.6542  12.5838   0.7965 6/
Min and Max cell sizes:  1  1
Epsilon:   0.1000E-06
full/part mode: FULL
Concentration ranges are specified. Will run with using  the fixed-concentration algorithm.
Type 1 conc: 8/80-- 8/80
Type 2 conc: 8/80-- 8/80
Type 3 conc: 4/80-- 4/80
Type 4 conc: 4/80-- 4/80
Type 5 conc: 8/80-- 8/80
Type 6 conc:24/80--24/80
Type 7 conc:24/80--24/80

--<< Successfully read the struct_enum.in file >>--

